[0m[[0m[0mdebug[0m] [0m[0m> Exec(compile, Some(558b2cae-7a1f-4206-a492-87de5b770f17), Some(CommandSource(console0)))[0m
[0m[[0m[0mdebug[0m] [0m[0mEvaluating tasks: Compile / compile[0m
[0m[[0m[0mdebug[0m] [0m[0mRunning task... Cancel: Signal, check cycles: false, forcegc: true[0m
[0m[[0m[0minfo[0m] [0m[0mcompiling 2 Scala sources to E:\tmp\SBT\ResearchProject\target\scala-2.12\classes ...[0m
[0m[[0m[0minfo[0m] [0m[0mNon-compiled module 'compiler-bridge_2.12' for Scala 2.12.3. Compiling...[0m
[0m[[0m[0minfo[0m] [0m[0m  Compilation completed in 11.941s.[0m
[0m[[0m[31merror[0m] [0m[0mE:\tmp\SBT\ResearchProject\src\main\scala\Control.scala:8:8: not found: object models[0m
[0m[[0m[31merror[0m] [0m[0mimport models.Model[0m
[0m[[0m[31merror[0m] [0m[0m       ^[0m
[0m[[0m[31merror[0m] [0m[0mE:\tmp\SBT\ResearchProject\src\main\scala\Control.scala:9:8: not found: object models[0m
[0m[[0m[31merror[0m] [0m[0mimport models.Ant[0m
[0m[[0m[31merror[0m] [0m[0m       ^[0m
[0m[[0m[31merror[0m] [0m[0mE:\tmp\SBT\ResearchProject\src\main\scala\Control.scala:10:8: not found: object models[0m
[0m[[0m[31merror[0m] [0m[0mimport models.AntConv[0m
[0m[[0m[31merror[0m] [0m[0m       ^[0m
[0m[[0m[31merror[0m] [0m[0mE:\tmp\SBT\ResearchProject\src\main\scala\Control.scala:11:8: not found: object models[0m
[0m[[0m[31merror[0m] [0m[0mimport models.FractalAnt[0m
[0m[[0m[31merror[0m] [0m[0m       ^[0m
[0m[[0m[31merror[0m] [0m[0mE:\tmp\SBT\ResearchProject\src\main\scala\Control.scala:12:8: not found: object models[0m
[0m[[0m[31merror[0m] [0m[0mimport models.Ant2D[0m
[0m[[0m[31merror[0m] [0m[0m       ^[0m
[0m[[0m[31merror[0m] [0m[0mE:\tmp\SBT\ResearchProject\src\main\scala\Control.scala:13:8: not found: object models[0m
[0m[[0m[31merror[0m] [0m[0mimport models.Ant2DMC[0m
[0m[[0m[31merror[0m] [0m[0m       ^[0m
[0m[[0m[31merror[0m] [0m[0mE:\tmp\SBT\ResearchProject\src\main\scala\Control.scala:14:8: not found: object models[0m
[0m[[0m[31merror[0m] [0m[0mimport models.Ant2DConv[0m
[0m[[0m[31merror[0m] [0m[0m       ^[0m
[0m[[0m[31merror[0m] [0m[0mE:\tmp\SBT\ResearchProject\src\main\scala\Control.scala:15:8: not found: object models[0m
[0m[[0m[31merror[0m] [0m[0mimport models.Ant3D[0m
[0m[[0m[31merror[0m] [0m[0m       ^[0m
[0m[[0m[31merror[0m] [0m[0mE:\tmp\SBT\ResearchProject\src\main\scala\Control.scala:26:14: not found: type Model[0m
[0m[[0m[31merror[0m] [0m[0m  var model: Model = null[0m
[0m[[0m[31merror[0m] [0m[0m             ^[0m
[0m[[0m[31merror[0m] [0m[0mE:\tmp\SBT\ResearchProject\src\main\scala\Control.scala:123:21: not found: type Ant2D[0m
[0m[[0m[31merror[0m] [0m[0m        model = new Ant2D[0m
[0m[[0m[31merror[0m] [0m[0m                    ^[0m
[0m[[0m[31merror[0m] [0m[0mE:\tmp\SBT\ResearchProject\src\main\scala\Control.scala:127:21: not found: type Ant2DMC[0m
[0m[[0m[31merror[0m] [0m[0m        model = new Ant2DMC[0m
[0m[[0m[31merror[0m] [0m[0m                    ^[0m
[0m[[0m[31merror[0m] [0m[0mE:\tmp\SBT\ResearchProject\src\main\scala\Control.scala:143:21: not found: type Ant2DConv[0m
[0m[[0m[31merror[0m] [0m[0m        model = new Ant2DConv[0m
[0m[[0m[31merror[0m] [0m[0m                    ^[0m
[0m[[0m[31merror[0m] [0m[0mE:\tmp\SBT\ResearchProject\src\main\scala\Control.scala:159:21: not found: type Ant3D[0m
[0m[[0m[31merror[0m] [0m[0m        model = new Ant3D[0m
[0m[[0m[31merror[0m] [0m[0m                    ^[0m
[0m[[0m[31merror[0m] [0m[0mE:\tmp\SBT\ResearchProject\src\main\scala\Control.scala:163:21: not found: type Ant[0m
[0m[[0m[31merror[0m] [0m[0m        model = new Ant[0m
[0m[[0m[31merror[0m] [0m[0m                    ^[0m
[0m[[0m[31merror[0m] [0m[0mE:\tmp\SBT\ResearchProject\src\main\scala\Control.scala:167:21: not found: type AntConv[0m
[0m[[0m[31merror[0m] [0m[0m        model = new AntConv[0m
[0m[[0m[31merror[0m] [0m[0m                    ^[0m
[0m[[0m[31merror[0m] [0m[0mE:\tmp\SBT\ResearchProject\src\main\scala\Control.scala:183:21: not found: type FractalAnt[0m
[0m[[0m[31merror[0m] [0m[0m        model = new FractalAnt[0m
[0m[[0m[31merror[0m] [0m[0m                    ^[0m
[0m[[0m[31merror[0m] [0m[0m16 errors found[0m
[0m[[0m[31merror[0m] [0m[0m(Compile / [31mcompileIncremental[0m) Compilation failed[0m
[0m[[0m[31merror[0m] [0m[0mTotal time: 14 s, completed 23.04.2021 17:49:30[0m
[0m[[0m[0mdebug[0m] [0m[0m> Exec(shell, None, None)[0m
[0m[[0m[0mdebug[0m] [0m[0mForcing garbage collection...[0m
